{"C:\\Users\\kam_v\\OneDrive\\Ambiente de Trabalho\\BookSwap\\api\\controllers\\collections.js": {"path":"C:\\Users\\kam_v\\OneDrive\\Ambiente de Trabalho\\BookSwap\\api\\controllers\\collections.js","statementMap":{"0":{"start":{"line":1,"column":14},"end":{"line":1,"column":30}},"1":{"start":{"line":3,"column":19},"end":{"line":3,"column":50}},"2":{"start":{"line":4,"column":13},"end":{"line":4,"column":38}},"3":{"start":{"line":6,"column":25},"end":{"line":6,"column":63}},"4":{"start":{"line":8,"column":17},"end":{"line":8,"column":18}},"5":{"start":{"line":10,"column":15},"end":{"line":55,"column":1}},"6":{"start":{"line":11,"column":45},"end":{"line":11,"column":53}},"7":{"start":{"line":12,"column":15},"end":{"line":12,"column":38}},"8":{"start":{"line":13,"column":2},"end":{"line":54,"column":3}},"9":{"start":{"line":14,"column":15},"end":{"line":14,"column":42}},"10":{"start":{"line":18,"column":4},"end":{"line":48,"column":5}},"11":{"start":{"line":19,"column":6},"end":{"line":24,"column":9}},"12":{"start":{"line":26,"column":27},"end":{"line":28,"column":7}},"13":{"start":{"line":29,"column":6},"end":{"line":30,"column":54}},"14":{"start":{"line":30,"column":8},"end":{"line":30,"column":54}},"15":{"start":{"line":32,"column":6},"end":{"line":32,"column":44}},"16":{"start":{"line":34,"column":22},"end":{"line":41,"column":8}},"17":{"start":{"line":42,"column":6},"end":{"line":47,"column":9}},"18":{"start":{"line":50,"column":4},"end":{"line":50,"column":40}},"19":{"start":{"line":52,"column":4},"end":{"line":52,"column":21}},"20":{"start":{"line":53,"column":4},"end":{"line":53,"column":49}},"21":{"start":{"line":57,"column":16},"end":{"line":68,"column":1}},"22":{"start":{"line":58,"column":2},"end":{"line":67,"column":3}},"23":{"start":{"line":59,"column":26},"end":{"line":59,"column":39}},"24":{"start":{"line":61,"column":23},"end":{"line":61,"column":63}},"25":{"start":{"line":62,"column":4},"end":{"line":62,"column":31}},"26":{"start":{"line":64,"column":4},"end":{"line":64,"column":26}},"27":{"start":{"line":66,"column":4},"end":{"line":66,"column":41}},"28":{"start":{"line":70,"column":24},"end":{"line":87,"column":1}},"29":{"start":{"line":71,"column":2},"end":{"line":86,"column":3}},"30":{"start":{"line":72,"column":40},"end":{"line":72,"column":49}},"31":{"start":{"line":73,"column":27},"end":{"line":73,"column":53}},"32":{"start":{"line":75,"column":26},"end":{"line":80,"column":6}},"33":{"start":{"line":82,"column":4},"end":{"line":82,"column":40}},"34":{"start":{"line":84,"column":4},"end":{"line":84,"column":21}},"35":{"start":{"line":85,"column":4},"end":{"line":85,"column":41}},"36":{"start":{"line":89,"column":21},"end":{"line":99,"column":1}},"37":{"start":{"line":90,"column":18},"end":{"line":90,"column":36}},"38":{"start":{"line":91,"column":2},"end":{"line":98,"column":3}},"39":{"start":{"line":92,"column":20},"end":{"line":92,"column":58}},"40":{"start":{"line":94,"column":4},"end":{"line":94,"column":34}},"41":{"start":{"line":96,"column":4},"end":{"line":96,"column":21}},"42":{"start":{"line":97,"column":4},"end":{"line":97,"column":41}},"43":{"start":{"line":101,"column":0},"end":{"line":101,"column":68}}},"fnMap":{"0":{"name":"(anonymous_0)","decl":{"start":{"line":10,"column":15},"end":{"line":10,"column":16}},"loc":{"start":{"line":10,"column":35},"end":{"line":55,"column":1}},"line":10},"1":{"name":"(anonymous_1)","decl":{"start":{"line":57,"column":16},"end":{"line":57,"column":17}},"loc":{"start":{"line":57,"column":36},"end":{"line":68,"column":1}},"line":57},"2":{"name":"(anonymous_2)","decl":{"start":{"line":70,"column":24},"end":{"line":70,"column":25}},"loc":{"start":{"line":70,"column":44},"end":{"line":87,"column":1}},"line":70},"3":{"name":"(anonymous_3)","decl":{"start":{"line":89,"column":21},"end":{"line":89,"column":22}},"loc":{"start":{"line":89,"column":41},"end":{"line":99,"column":1}},"line":89}},"branchMap":{"0":{"loc":{"start":{"line":18,"column":4},"end":{"line":48,"column":5}},"type":"if","locations":[{"start":{"line":18,"column":4},"end":{"line":48,"column":5}},{"start":{"line":25,"column":11},"end":{"line":48,"column":5}}],"line":18},"1":{"loc":{"start":{"line":29,"column":6},"end":{"line":30,"column":54}},"type":"if","locations":[{"start":{"line":29,"column":6},"end":{"line":30,"column":54}},{"start":{},"end":{}}],"line":29}},"s":{"0":1,"1":1,"2":1,"3":1,"4":1,"5":1,"6":4,"7":4,"8":4,"9":4,"10":3,"11":1,"12":2,"13":2,"14":1,"15":1,"16":1,"17":1,"18":2,"19":2,"20":2,"21":1,"22":2,"23":2,"24":2,"25":1,"26":1,"27":1,"28":1,"29":2,"30":2,"31":2,"32":2,"33":1,"34":1,"35":1,"36":1,"37":2,"38":2,"39":2,"40":1,"41":1,"42":1,"43":1},"f":{"0":4,"1":2,"2":2,"3":2},"b":{"0":[1,2],"1":[1,1]},"_coverageSchema":"1a1c01bbd47fc00a2c39e90264f33305004495a9","hash":"d03644494913521a2a708bf4cd90ba6a0f2ae16d"}
,"C:\\Users\\kam_v\\OneDrive\\Ambiente de Trabalho\\BookSwap\\api\\db\\connect.js": {"path":"C:\\Users\\kam_v\\OneDrive\\Ambiente de Trabalho\\BookSwap\\api\\db\\connect.js","statementMap":{"0":{"start":{"line":1,"column":17},"end":{"line":1,"column":30}},"1":{"start":{"line":2,"column":20},"end":{"line":13,"column":1}},"2":{"start":{"line":15,"column":0},"end":{"line":15,"column":47}},"3":{"start":{"line":17,"column":11},"end":{"line":17,"column":54}},"4":{"start":{"line":19,"column":0},"end":{"line":19,"column":28}},"5":{"start":{"line":21,"column":0},"end":{"line":21,"column":20}}},"fnMap":{},"branchMap":{},"s":{"0":2,"1":2,"2":2,"3":2,"4":2,"5":2},"f":{},"b":{},"_coverageSchema":"1a1c01bbd47fc00a2c39e90264f33305004495a9","hash":"13d2fcfcc454e23a09fcddbf4e6468f5c4b2f945"}
,"C:\\Users\\kam_v\\OneDrive\\Ambiente de Trabalho\\BookSwap\\api\\models\\Book.js": {"path":"C:\\Users\\kam_v\\OneDrive\\Ambiente de Trabalho\\BookSwap\\api\\models\\Book.js","statementMap":{"0":{"start":{"line":1,"column":11},"end":{"line":1,"column":38}},"1":{"start":{"line":5,"column":4},"end":{"line":5,"column":39}},"2":{"start":{"line":6,"column":4},"end":{"line":6,"column":35}},"3":{"start":{"line":7,"column":4},"end":{"line":7,"column":39}},"4":{"start":{"line":8,"column":4},"end":{"line":8,"column":45}},"5":{"start":{"line":9,"column":4},"end":{"line":9,"column":33}},"6":{"start":{"line":10,"column":4},"end":{"line":10,"column":33}},"7":{"start":{"line":11,"column":4},"end":{"line":11,"column":35}},"8":{"start":{"line":15,"column":21},"end":{"line":17,"column":6}},"9":{"start":{"line":18,"column":4},"end":{"line":20,"column":5}},"10":{"start":{"line":19,"column":6},"end":{"line":19,"column":18}},"11":{"start":{"line":22,"column":4},"end":{"line":22,"column":38}},"12":{"start":{"line":26,"column":19},"end":{"line":29,"column":5}},"13":{"start":{"line":30,"column":4},"end":{"line":30,"column":38}},"14":{"start":{"line":34,"column":0},"end":{"line":34,"column":22}}},"fnMap":{"0":{"name":"(anonymous_0)","decl":{"start":{"line":4,"column":2},"end":{"line":4,"column":3}},"loc":{"start":{"line":4,"column":27},"end":{"line":12,"column":3}},"line":4},"1":{"name":"(anonymous_1)","decl":{"start":{"line":14,"column":2},"end":{"line":14,"column":3}},"loc":{"start":{"line":14,"column":32},"end":{"line":23,"column":3}},"line":14},"2":{"name":"(anonymous_2)","decl":{"start":{"line":25,"column":2},"end":{"line":25,"column":3}},"loc":{"start":{"line":25,"column":73},"end":{"line":31,"column":3}},"line":25}},"branchMap":{"0":{"loc":{"start":{"line":18,"column":4},"end":{"line":20,"column":5}},"type":"if","locations":[{"start":{"line":18,"column":4},"end":{"line":20,"column":5}},{"start":{},"end":{}}],"line":18}},"s":{"0":1,"1":2,"2":2,"3":2,"4":2,"5":2,"6":2,"7":2,"8":0,"9":0,"10":0,"11":0,"12":0,"13":0,"14":1},"f":{"0":2,"1":0,"2":0},"b":{"0":[0,0]},"_coverageSchema":"1a1c01bbd47fc00a2c39e90264f33305004495a9","hash":"3f35fcb5985aef1fda04eb3c626ed70ca1c637f1"}
,"C:\\Users\\kam_v\\OneDrive\\Ambiente de Trabalho\\BookSwap\\api\\models\\Collection.js": {"path":"C:\\Users\\kam_v\\OneDrive\\Ambiente de Trabalho\\BookSwap\\api\\models\\Collection.js","statementMap":{"0":{"start":{"line":1,"column":11},"end":{"line":1,"column":35}},"1":{"start":{"line":11,"column":4},"end":{"line":11,"column":67}},"2":{"start":{"line":12,"column":4},"end":{"line":12,"column":27}},"3":{"start":{"line":13,"column":4},"end":{"line":13,"column":31}},"4":{"start":{"line":14,"column":4},"end":{"line":14,"column":51}},"5":{"start":{"line":18,"column":21},"end":{"line":21,"column":5}},"6":{"start":{"line":23,"column":4},"end":{"line":23,"column":44}},"7":{"start":{"line":27,"column":21},"end":{"line":30,"column":5}},"8":{"start":{"line":32,"column":4},"end":{"line":32,"column":46}},"9":{"start":{"line":32,"column":36},"end":{"line":32,"column":46}},"10":{"start":{"line":34,"column":4},"end":{"line":34,"column":44}},"11":{"start":{"line":38,"column":21},"end":{"line":41,"column":5}},"12":{"start":{"line":43,"column":4},"end":{"line":43,"column":46}},"13":{"start":{"line":43,"column":36},"end":{"line":43,"column":46}},"14":{"start":{"line":45,"column":4},"end":{"line":45,"column":59}},"15":{"start":{"line":45,"column":38},"end":{"line":45,"column":57}},"16":{"start":{"line":49,"column":21},"end":{"line":65,"column":5}},"17":{"start":{"line":67,"column":4},"end":{"line":67,"column":46}},"18":{"start":{"line":67,"column":36},"end":{"line":67,"column":46}},"19":{"start":{"line":69,"column":4},"end":{"line":69,"column":59}},"20":{"start":{"line":69,"column":38},"end":{"line":69,"column":57}},"21":{"start":{"line":73,"column":21},"end":{"line":76,"column":5}},"22":{"start":{"line":78,"column":4},"end":{"line":78,"column":44}},"23":{"start":{"line":82,"column":0},"end":{"line":82,"column":28}}},"fnMap":{"0":{"name":"(anonymous_0)","decl":{"start":{"line":4,"column":2},"end":{"line":4,"column":3}},"loc":{"start":{"line":10,"column":5},"end":{"line":15,"column":3}},"line":10},"1":{"name":"(anonymous_1)","decl":{"start":{"line":17,"column":2},"end":{"line":17,"column":3}},"loc":{"start":{"line":17,"column":76},"end":{"line":24,"column":3}},"line":17},"2":{"name":"(anonymous_2)","decl":{"start":{"line":26,"column":2},"end":{"line":26,"column":3}},"loc":{"start":{"line":26,"column":28},"end":{"line":35,"column":3}},"line":26},"3":{"name":"(anonymous_3)","decl":{"start":{"line":37,"column":2},"end":{"line":37,"column":3}},"loc":{"start":{"line":37,"column":37},"end":{"line":46,"column":3}},"line":37},"4":{"name":"(anonymous_4)","decl":{"start":{"line":45,"column":29},"end":{"line":45,"column":30}},"loc":{"start":{"line":45,"column":38},"end":{"line":45,"column":57}},"line":45},"5":{"name":"(anonymous_5)","decl":{"start":{"line":48,"column":2},"end":{"line":48,"column":3}},"loc":{"start":{"line":48,"column":66},"end":{"line":70,"column":3}},"line":48},"6":{"name":"(anonymous_6)","decl":{"start":{"line":69,"column":29},"end":{"line":69,"column":30}},"loc":{"start":{"line":69,"column":38},"end":{"line":69,"column":57}},"line":69},"7":{"name":"(anonymous_7)","decl":{"start":{"line":72,"column":2},"end":{"line":72,"column":3}},"loc":{"start":{"line":72,"column":18},"end":{"line":79,"column":3}},"line":72}},"branchMap":{"0":{"loc":{"start":{"line":32,"column":4},"end":{"line":32,"column":46}},"type":"if","locations":[{"start":{"line":32,"column":4},"end":{"line":32,"column":46}},{"start":{},"end":{}}],"line":32},"1":{"loc":{"start":{"line":43,"column":4},"end":{"line":43,"column":46}},"type":"if","locations":[{"start":{"line":43,"column":4},"end":{"line":43,"column":46}},{"start":{},"end":{}}],"line":43},"2":{"loc":{"start":{"line":67,"column":4},"end":{"line":67,"column":46}},"type":"if","locations":[{"start":{"line":67,"column":4},"end":{"line":67,"column":46}},{"start":{},"end":{}}],"line":67}},"s":{"0":2,"1":17,"2":17,"3":17,"4":17,"5":1,"6":1,"7":2,"8":2,"9":1,"10":1,"11":2,"12":2,"13":1,"14":1,"15":2,"16":2,"17":2,"18":1,"19":1,"20":2,"21":1,"22":1,"23":2},"f":{"0":17,"1":1,"2":2,"3":2,"4":2,"5":2,"6":2,"7":1},"b":{"0":[1,1],"1":[1,1],"2":[1,1]},"_coverageSchema":"1a1c01bbd47fc00a2c39e90264f33305004495a9","hash":"be614f80b9afe7ce32717aac68c3d217d088bb63"}
}
