{"C:\\Users\\kam_v\\OneDrive\\Ambiente de Trabalho\\BookSwap\\api\\controllers\\review.js": {"path":"C:\\Users\\kam_v\\OneDrive\\Ambiente de Trabalho\\BookSwap\\api\\controllers\\review.js","statementMap":{"0":{"start":{"line":1,"column":15},"end":{"line":1,"column":42}},"1":{"start":{"line":4,"column":4},"end":{"line":11,"column":5}},"2":{"start":{"line":5,"column":21},"end":{"line":5,"column":29}},"3":{"start":{"line":6,"column":26},"end":{"line":6,"column":51}},"4":{"start":{"line":7,"column":8},"end":{"line":7,"column":40}},"5":{"start":{"line":9,"column":8},"end":{"line":9,"column":53}},"6":{"start":{"line":10,"column":8},"end":{"line":10,"column":84}},"7":{"start":{"line":15,"column":4},"end":{"line":22,"column":5}},"8":{"start":{"line":16,"column":23},"end":{"line":16,"column":51}},"9":{"start":{"line":17,"column":24},"end":{"line":17,"column":56}},"10":{"start":{"line":18,"column":8},"end":{"line":18,"column":38}},"11":{"start":{"line":20,"column":8},"end":{"line":20,"column":54}},"12":{"start":{"line":21,"column":8},"end":{"line":21,"column":76}},"13":{"start":{"line":26,"column":4},"end":{"line":34,"column":5}},"14":{"start":{"line":27,"column":25},"end":{"line":27,"column":55}},"15":{"start":{"line":28,"column":23},"end":{"line":28,"column":53}},"16":{"start":{"line":29,"column":8},"end":{"line":29,"column":31}},"17":{"start":{"line":30,"column":8},"end":{"line":30,"column":30}},"18":{"start":{"line":32,"column":8},"end":{"line":32,"column":53}},"19":{"start":{"line":33,"column":8},"end":{"line":33,"column":75}},"20":{"start":{"line":37,"column":0},"end":{"line":37,"column":43}}},"fnMap":{"0":{"name":"create","decl":{"start":{"line":3,"column":15},"end":{"line":3,"column":21}},"loc":{"start":{"line":3,"column":32},"end":{"line":12,"column":1}},"line":3},"1":{"name":"show","decl":{"start":{"line":14,"column":15},"end":{"line":14,"column":19}},"loc":{"start":{"line":14,"column":30},"end":{"line":23,"column":1}},"line":14},"2":{"name":"destroy","decl":{"start":{"line":25,"column":15},"end":{"line":25,"column":22}},"loc":{"start":{"line":25,"column":33},"end":{"line":35,"column":1}},"line":25}},"branchMap":{"0":{"loc":{"start":{"line":10,"column":38},"end":{"line":10,"column":80}},"type":"binary-expr","locations":[{"start":{"line":10,"column":38},"end":{"line":10,"column":49}},{"start":{"line":10,"column":53},"end":{"line":10,"column":80}}],"line":10},"1":{"loc":{"start":{"line":21,"column":38},"end":{"line":21,"column":72}},"type":"binary-expr","locations":[{"start":{"line":21,"column":38},"end":{"line":21,"column":49}},{"start":{"line":21,"column":53},"end":{"line":21,"column":72}}],"line":21},"2":{"loc":{"start":{"line":33,"column":38},"end":{"line":33,"column":71}},"type":"binary-expr","locations":[{"start":{"line":33,"column":38},"end":{"line":33,"column":49}},{"start":{"line":33,"column":53},"end":{"line":33,"column":71}}],"line":33}},"s":{"0":1,"1":2,"2":2,"3":2,"4":1,"5":1,"6":1,"7":2,"8":2,"9":2,"10":1,"11":1,"12":1,"13":2,"14":2,"15":2,"16":1,"17":1,"18":1,"19":1,"20":1},"f":{"0":2,"1":2,"2":2},"b":{"0":[1,0],"1":[1,0],"2":[1,0]},"_coverageSchema":"1a1c01bbd47fc00a2c39e90264f33305004495a9","hash":"a3682233e07d34d434dc7e388c7bb4d0e338e0b3"}
,"C:\\Users\\kam_v\\OneDrive\\Ambiente de Trabalho\\BookSwap\\api\\db\\connect.js": {"path":"C:\\Users\\kam_v\\OneDrive\\Ambiente de Trabalho\\BookSwap\\api\\db\\connect.js","statementMap":{"0":{"start":{"line":1,"column":17},"end":{"line":1,"column":30}},"1":{"start":{"line":2,"column":20},"end":{"line":13,"column":1}},"2":{"start":{"line":15,"column":0},"end":{"line":15,"column":47}},"3":{"start":{"line":17,"column":11},"end":{"line":17,"column":54}},"4":{"start":{"line":19,"column":0},"end":{"line":19,"column":28}},"5":{"start":{"line":21,"column":0},"end":{"line":21,"column":20}}},"fnMap":{},"branchMap":{},"s":{"0":2,"1":2,"2":2,"3":2,"4":2,"5":2},"f":{},"b":{},"_coverageSchema":"1a1c01bbd47fc00a2c39e90264f33305004495a9","hash":"13d2fcfcc454e23a09fcddbf4e6468f5c4b2f945"}
,"C:\\Users\\kam_v\\OneDrive\\Ambiente de Trabalho\\BookSwap\\api\\models\\Review.js": {"path":"C:\\Users\\kam_v\\OneDrive\\Ambiente de Trabalho\\BookSwap\\api\\models\\Review.js","statementMap":{"0":{"start":{"line":1,"column":11},"end":{"line":1,"column":35}},"1":{"start":{"line":5,"column":8},"end":{"line":5,"column":35}},"2":{"start":{"line":6,"column":8},"end":{"line":6,"column":29}},"3":{"start":{"line":7,"column":8},"end":{"line":7,"column":31}},"4":{"start":{"line":8,"column":8},"end":{"line":8,"column":31}},"5":{"start":{"line":9,"column":8},"end":{"line":9,"column":41}},"6":{"start":{"line":14,"column":25},"end":{"line":14,"column":71}},"7":{"start":{"line":15,"column":8},"end":{"line":15,"column":53}},"8":{"start":{"line":15,"column":38},"end":{"line":15,"column":51}},"9":{"start":{"line":20,"column":25},"end":{"line":20,"column":101}},"10":{"start":{"line":21,"column":8},"end":{"line":21,"column":53}},"11":{"start":{"line":21,"column":38},"end":{"line":21,"column":51}},"12":{"start":{"line":26,"column":25},"end":{"line":29,"column":9}},"13":{"start":{"line":30,"column":8},"end":{"line":30,"column":44}},"14":{"start":{"line":35,"column":25},"end":{"line":38,"column":9}},"15":{"start":{"line":39,"column":8},"end":{"line":41,"column":9}},"16":{"start":{"line":40,"column":12},"end":{"line":40,"column":56}},"17":{"start":{"line":42,"column":8},"end":{"line":42,"column":44}},"18":{"start":{"line":47,"column":25},"end":{"line":50,"column":9}},"19":{"start":{"line":51,"column":8},"end":{"line":53,"column":9}},"20":{"start":{"line":52,"column":12},"end":{"line":52,"column":56}},"21":{"start":{"line":54,"column":8},"end":{"line":54,"column":44}},"22":{"start":{"line":59,"column":25},"end":{"line":59,"column":105}},"23":{"start":{"line":60,"column":8},"end":{"line":62,"column":9}},"24":{"start":{"line":61,"column":12},"end":{"line":61,"column":49}},"25":{"start":{"line":63,"column":8},"end":{"line":63,"column":44}},"26":{"start":{"line":67,"column":0},"end":{"line":67,"column":24}}},"fnMap":{"0":{"name":"(anonymous_0)","decl":{"start":{"line":4,"column":4},"end":{"line":4,"column":5}},"loc":{"start":{"line":4,"column":71},"end":{"line":10,"column":5}},"line":4},"1":{"name":"(anonymous_1)","decl":{"start":{"line":13,"column":4},"end":{"line":13,"column":5}},"loc":{"start":{"line":13,"column":26},"end":{"line":16,"column":5}},"line":13},"2":{"name":"(anonymous_2)","decl":{"start":{"line":15,"column":33},"end":{"line":15,"column":34}},"loc":{"start":{"line":15,"column":38},"end":{"line":15,"column":51}},"line":15},"3":{"name":"(anonymous_3)","decl":{"start":{"line":19,"column":4},"end":{"line":19,"column":5}},"loc":{"start":{"line":19,"column":38},"end":{"line":22,"column":5}},"line":19},"4":{"name":"(anonymous_4)","decl":{"start":{"line":21,"column":33},"end":{"line":21,"column":34}},"loc":{"start":{"line":21,"column":38},"end":{"line":21,"column":51}},"line":21},"5":{"name":"(anonymous_5)","decl":{"start":{"line":25,"column":4},"end":{"line":25,"column":5}},"loc":{"start":{"line":25,"column":68},"end":{"line":31,"column":5}},"line":25},"6":{"name":"(anonymous_6)","decl":{"start":{"line":34,"column":4},"end":{"line":34,"column":5}},"loc":{"start":{"line":34,"column":23},"end":{"line":43,"column":5}},"line":34},"7":{"name":"(anonymous_7)","decl":{"start":{"line":46,"column":4},"end":{"line":46,"column":5}},"loc":{"start":{"line":46,"column":20},"end":{"line":55,"column":5}},"line":46},"8":{"name":"(anonymous_8)","decl":{"start":{"line":58,"column":4},"end":{"line":58,"column":5}},"loc":{"start":{"line":58,"column":36},"end":{"line":64,"column":5}},"line":58}},"branchMap":{"0":{"loc":{"start":{"line":39,"column":8},"end":{"line":41,"column":9}},"type":"if","locations":[{"start":{"line":39,"column":8},"end":{"line":41,"column":9}},{"start":{},"end":{}}],"line":39},"1":{"loc":{"start":{"line":51,"column":8},"end":{"line":53,"column":9}},"type":"if","locations":[{"start":{"line":51,"column":8},"end":{"line":53,"column":9}},{"start":{},"end":{}}],"line":51},"2":{"loc":{"start":{"line":60,"column":8},"end":{"line":62,"column":9}},"type":"if","locations":[{"start":{"line":60,"column":8},"end":{"line":62,"column":9}},{"start":{},"end":{}}],"line":60}},"s":{"0":2,"1":14,"2":14,"3":14,"4":14,"5":14,"6":2,"7":2,"8":2,"9":2,"10":2,"11":1,"12":1,"13":1,"14":2,"15":2,"16":1,"17":1,"18":2,"19":2,"20":1,"21":1,"22":2,"23":2,"24":1,"25":1,"26":2},"f":{"0":14,"1":2,"2":2,"3":2,"4":1,"5":1,"6":2,"7":2,"8":2},"b":{"0":[1,1],"1":[1,1],"2":[1,1]},"_coverageSchema":"1a1c01bbd47fc00a2c39e90264f33305004495a9","hash":"dc549619eab6e498ad6f77af8ce596410a535ca8"}
}
