TN:
SF:controllers\collections.js
FN:10,(anonymous_0)
FN:57,(anonymous_1)
FN:70,(anonymous_2)
FN:89,(anonymous_3)
FNF:4
FNH:4
FNDA:4,(anonymous_0)
FNDA:2,(anonymous_1)
FNDA:2,(anonymous_2)
FNDA:2,(anonymous_3)
DA:1,1
DA:3,1
DA:4,1
DA:6,1
DA:8,1
DA:10,1
DA:11,4
DA:12,4
DA:13,4
DA:14,4
DA:18,3
DA:19,1
DA:26,2
DA:29,2
DA:30,1
DA:32,1
DA:34,1
DA:42,1
DA:50,2
DA:52,2
DA:53,2
DA:57,1
DA:58,2
DA:59,2
DA:61,2
DA:62,1
DA:64,1
DA:66,1
DA:70,1
DA:71,2
DA:72,2
DA:73,2
DA:75,2
DA:82,1
DA:84,1
DA:85,1
DA:89,1
DA:90,2
DA:91,2
DA:92,2
DA:94,1
DA:96,1
DA:97,1
DA:101,1
LF:44
LH:44
BRDA:18,0,0,1
BRDA:18,0,1,2
BRDA:29,1,0,1
BRDA:29,1,1,1
BRF:4
BRH:4
end_of_record
TN:
SF:db\connect.js
FNF:0
FNH:0
DA:1,2
DA:2,2
DA:15,2
DA:17,2
DA:19,2
DA:21,2
LF:6
LH:6
BRF:0
BRH:0
end_of_record
TN:
SF:models\Book.js
FN:4,(anonymous_0)
FN:14,(anonymous_1)
FN:25,(anonymous_2)
FNF:3
FNH:1
FNDA:2,(anonymous_0)
FNDA:0,(anonymous_1)
FNDA:0,(anonymous_2)
DA:1,1
DA:5,2
DA:6,2
DA:7,2
DA:8,2
DA:9,2
DA:10,2
DA:11,2
DA:15,0
DA:18,0
DA:19,0
DA:22,0
DA:26,0
DA:30,0
DA:34,1
LF:15
LH:9
BRDA:18,0,0,0
BRDA:18,0,1,0
BRF:2
BRH:0
end_of_record
TN:
SF:models\Collection.js
FN:4,(anonymous_0)
FN:17,(anonymous_1)
FN:26,(anonymous_2)
FN:37,(anonymous_3)
FN:45,(anonymous_4)
FN:48,(anonymous_5)
FN:69,(anonymous_6)
FN:72,(anonymous_7)
FNF:8
FNH:8
FNDA:17,(anonymous_0)
FNDA:1,(anonymous_1)
FNDA:2,(anonymous_2)
FNDA:2,(anonymous_3)
FNDA:2,(anonymous_4)
FNDA:2,(anonymous_5)
FNDA:2,(anonymous_6)
FNDA:1,(anonymous_7)
DA:1,2
DA:11,17
DA:12,17
DA:13,17
DA:14,17
DA:18,1
DA:23,1
DA:27,2
DA:32,2
DA:34,1
DA:38,2
DA:43,2
DA:45,2
DA:49,2
DA:67,2
DA:69,2
DA:73,1
DA:78,1
DA:82,2
LF:19
LH:19
BRDA:32,0,0,1
BRDA:32,0,1,1
BRDA:43,1,0,1
BRDA:43,1,1,1
BRDA:67,2,0,1
BRDA:67,2,1,1
BRF:6
BRH:6
end_of_record
