TN:
SF:controllers\review.js
FN:3,create
FN:14,show
FN:25,destroy
FNF:3
FNH:3
FNDA:2,create
FNDA:2,show
FNDA:2,destroy
DA:1,1
DA:4,2
DA:5,2
DA:6,2
DA:7,1
DA:9,1
DA:10,1
DA:15,2
DA:16,2
DA:17,2
DA:18,1
DA:20,1
DA:21,1
DA:26,2
DA:27,2
DA:28,2
DA:29,1
DA:30,1
DA:32,1
DA:33,1
DA:37,1
LF:21
LH:21
BRDA:10,0,0,1
BRDA:10,0,1,0
BRDA:21,1,0,1
BRDA:21,1,1,0
BRDA:33,2,0,1
BRDA:33,2,1,0
BRF:6
BRH:3
end_of_record
TN:
SF:db\connect.js
FNF:0
FNH:0
DA:1,2
DA:2,2
DA:15,2
DA:17,2
DA:19,2
DA:21,2
LF:6
LH:6
BRF:0
BRH:0
end_of_record
TN:
SF:models\Review.js
FN:4,(anonymous_0)
FN:13,(anonymous_1)
FN:15,(anonymous_2)
FN:19,(anonymous_3)
FN:21,(anonymous_4)
FN:25,(anonymous_5)
FN:34,(anonymous_6)
FN:46,(anonymous_7)
FN:58,(anonymous_8)
FNF:9
FNH:9
FNDA:14,(anonymous_0)
FNDA:2,(anonymous_1)
FNDA:2,(anonymous_2)
FNDA:2,(anonymous_3)
FNDA:1,(anonymous_4)
FNDA:1,(anonymous_5)
FNDA:2,(anonymous_6)
FNDA:2,(anonymous_7)
FNDA:2,(anonymous_8)
DA:1,2
DA:5,14
DA:6,14
DA:7,14
DA:8,14
DA:9,14
DA:14,2
DA:15,2
DA:20,2
DA:21,2
DA:26,1
DA:30,1
DA:35,2
DA:39,2
DA:40,1
DA:42,1
DA:47,2
DA:51,2
DA:52,1
DA:54,1
DA:59,2
DA:60,2
DA:61,1
DA:63,1
DA:67,2
LF:25
LH:25
BRDA:39,0,0,1
BRDA:39,0,1,1
BRDA:51,1,0,1
BRDA:51,1,1,1
BRDA:60,2,0,1
BRDA:60,2,1,1
BRF:6
BRH:6
end_of_record
